[3.007s] DEBUG:colcon:Command line arguments: ['/usr/bin/colcon', 'build']
[3.008s] DEBUG:colcon:Parsed command line arguments: Namespace(ament_cmake_args=None, base_paths=['.'], build_base='build', catkin_cmake_args=None, catkin_skip_building_tests=False, cmake_args=None, cmake_clean_cache=False, cmake_clean_first=False, cmake_force_configure=False, cmake_target=None, cmake_target_skip_unavailable=False, continue_on_error=False, event_handlers=None, executor='parallel', ignore_user_meta=False, install_base='install', log_base=None, log_level=None, main=<bound method BuildVerb.main of <colcon_core.verb.build.BuildVerb object at 0xffffb72bfdf0>>, merge_install=False, metas=['./colcon.meta'], packages_above=None, packages_above_and_dependencies=None, packages_above_depth=None, packages_end=None, packages_ignore=None, packages_ignore_regex=None, packages_select=None, packages_select_build_failed=False, packages_select_by_dep=None, packages_select_regex=None, packages_select_test_failures=False, packages_skip=None, packages_skip_build_finished=False, packages_skip_by_dep=None, packages_skip_regex=None, packages_skip_test_passed=False, packages_skip_up_to=None, packages_start=None, packages_up_to=None, packages_up_to_regex=None, parallel_workers=4, paths=None, symlink_install=False, test_result_base=None, verb_extension=<colcon_core.verb.build.BuildVerb object at 0xffffb72bfdf0>, verb_name='build', verb_parser=<colcon_defaults.argument_parser.defaults.DefaultArgumentsDecorator object at 0xffffb72cb3a0>)
[3.082s] Level 1:colcon.colcon_core.package_discovery:discover_packages(colcon_meta) check parameters
[3.083s] Level 1:colcon.colcon_core.package_discovery:discover_packages(recursive) check parameters
[3.084s] Level 1:colcon.colcon_core.package_discovery:discover_packages(ignore) check parameters
[3.084s] Level 1:colcon.colcon_core.package_discovery:discover_packages(path) check parameters
[3.084s] Level 1:colcon.colcon_core.package_discovery:discover_packages(colcon_meta) discover
[3.085s] Level 1:colcon.colcon_core.package_discovery:discover_packages(recursive) discover
[3.085s] INFO:colcon.colcon_core.package_discovery:Crawling recursively for packages in '/home/ubuntu/V2Victory'
[3.087s] Level 1:colcon.colcon_core.package_identification:_identify(.) by extensions ['ignore', 'ignore_ament_install']
[3.088s] Level 1:colcon.colcon_core.package_identification:_identify(.) by extension 'ignore'
[3.089s] Level 1:colcon.colcon_core.package_identification:_identify(.) by extension 'ignore_ament_install'
[3.090s] Level 1:colcon.colcon_core.package_identification:_identify(.) by extensions ['colcon_pkg']
[3.090s] Level 1:colcon.colcon_core.package_identification:_identify(.) by extension 'colcon_pkg'
[3.091s] Level 1:colcon.colcon_core.package_identification:_identify(.) by extensions ['colcon_meta']
[3.091s] Level 1:colcon.colcon_core.package_identification:_identify(.) by extension 'colcon_meta'
[3.091s] Level 1:colcon.colcon_core.package_identification:_identify(.) by extensions ['ros']
[3.092s] Level 1:colcon.colcon_core.package_identification:_identify(.) by extension 'ros'
[3.220s] Level 1:colcon.colcon_core.package_identification:_identify(.) by extensions ['cmake', 'python']
[3.220s] Level 1:colcon.colcon_core.package_identification:_identify(.) by extension 'cmake'
[3.221s] Level 1:colcon.colcon_core.package_identification:_identify(.) by extension 'python'
[3.221s] Level 1:colcon.colcon_core.package_identification:_identify(.) by extensions ['python_setup_py']
[3.221s] Level 1:colcon.colcon_core.package_identification:_identify(.) by extension 'python_setup_py'
[3.223s] Level 1:colcon.colcon_core.package_identification:_identify(bin) by extensions ['ignore', 'ignore_ament_install']
[3.223s] Level 1:colcon.colcon_core.package_identification:_identify(bin) by extension 'ignore'
[3.224s] Level 1:colcon.colcon_core.package_identification:_identify(bin) by extension 'ignore_ament_install'
[3.225s] Level 1:colcon.colcon_core.package_identification:_identify(bin) by extensions ['colcon_pkg']
[3.225s] Level 1:colcon.colcon_core.package_identification:_identify(bin) by extension 'colcon_pkg'
[3.225s] Level 1:colcon.colcon_core.package_identification:_identify(bin) by extensions ['colcon_meta']
[3.226s] Level 1:colcon.colcon_core.package_identification:_identify(bin) by extension 'colcon_meta'
[3.226s] Level 1:colcon.colcon_core.package_identification:_identify(bin) by extensions ['ros']
[3.227s] Level 1:colcon.colcon_core.package_identification:_identify(bin) by extension 'ros'
[3.228s] Level 1:colcon.colcon_core.package_identification:_identify(bin) by extensions ['cmake', 'python']
[3.228s] Level 1:colcon.colcon_core.package_identification:_identify(bin) by extension 'cmake'
[3.228s] Level 1:colcon.colcon_core.package_identification:_identify(bin) by extension 'python'
[3.229s] Level 1:colcon.colcon_core.package_identification:_identify(bin) by extensions ['python_setup_py']
[3.229s] Level 1:colcon.colcon_core.package_identification:_identify(bin) by extension 'python_setup_py'
[3.230s] Level 1:colcon.colcon_core.package_identification:_identify(build) by extensions ['ignore', 'ignore_ament_install']
[3.231s] Level 1:colcon.colcon_core.package_identification:_identify(build) by extension 'ignore'
[3.231s] Level 1:colcon.colcon_core.package_identification:_identify(build) ignored
[3.232s] Level 1:colcon.colcon_core.package_identification:_identify(car_pkg) by extensions ['ignore', 'ignore_ament_install']
[3.233s] Level 1:colcon.colcon_core.package_identification:_identify(car_pkg) by extension 'ignore'
[3.234s] Level 1:colcon.colcon_core.package_identification:_identify(car_pkg) by extension 'ignore_ament_install'
[3.234s] Level 1:colcon.colcon_core.package_identification:_identify(car_pkg) by extensions ['colcon_pkg']
[3.235s] Level 1:colcon.colcon_core.package_identification:_identify(car_pkg) by extension 'colcon_pkg'
[3.235s] Level 1:colcon.colcon_core.package_identification:_identify(car_pkg) by extensions ['colcon_meta']
[3.235s] Level 1:colcon.colcon_core.package_identification:_identify(car_pkg) by extension 'colcon_meta'
[3.236s] Level 1:colcon.colcon_core.package_identification:_identify(car_pkg) by extensions ['ros']
[3.236s] Level 1:colcon.colcon_core.package_identification:_identify(car_pkg) by extension 'ros'
[3.237s] Level 1:colcon.colcon_core.package_identification:_identify(car_pkg) by extensions ['cmake', 'python']
[3.237s] Level 1:colcon.colcon_core.package_identification:_identify(car_pkg) by extension 'cmake'
[3.238s] Level 1:colcon.colcon_core.package_identification:_identify(car_pkg) by extension 'python'
[3.238s] Level 1:colcon.colcon_core.package_identification:_identify(car_pkg) by extensions ['python_setup_py']
[3.239s] Level 1:colcon.colcon_core.package_identification:_identify(car_pkg) by extension 'python_setup_py'
[3.240s] Level 1:colcon.colcon_core.package_identification:_identify(car_pkg/msg) by extensions ['ignore', 'ignore_ament_install']
[3.240s] Level 1:colcon.colcon_core.package_identification:_identify(car_pkg/msg) by extension 'ignore'
[3.241s] Level 1:colcon.colcon_core.package_identification:_identify(car_pkg/msg) by extension 'ignore_ament_install'
[3.242s] Level 1:colcon.colcon_core.package_identification:_identify(car_pkg/msg) by extensions ['colcon_pkg']
[3.242s] Level 1:colcon.colcon_core.package_identification:_identify(car_pkg/msg) by extension 'colcon_pkg'
[3.242s] Level 1:colcon.colcon_core.package_identification:_identify(car_pkg/msg) by extensions ['colcon_meta']
[3.243s] Level 1:colcon.colcon_core.package_identification:_identify(car_pkg/msg) by extension 'colcon_meta'
[3.243s] Level 1:colcon.colcon_core.package_identification:_identify(car_pkg/msg) by extensions ['ros']
[3.244s] Level 1:colcon.colcon_core.package_identification:_identify(car_pkg/msg) by extension 'ros'
[3.244s] Level 1:colcon.colcon_core.package_identification:_identify(car_pkg/msg) by extensions ['cmake', 'python']
[3.245s] Level 1:colcon.colcon_core.package_identification:_identify(car_pkg/msg) by extension 'cmake'
[3.245s] Level 1:colcon.colcon_core.package_identification:_identify(car_pkg/msg) by extension 'python'
[3.246s] Level 1:colcon.colcon_core.package_identification:_identify(car_pkg/msg) by extensions ['python_setup_py']
[3.246s] Level 1:colcon.colcon_core.package_identification:_identify(car_pkg/msg) by extension 'python_setup_py'
[3.247s] Level 1:colcon.colcon_core.package_identification:_identify(encoder) by extensions ['ignore', 'ignore_ament_install']
[3.248s] Level 1:colcon.colcon_core.package_identification:_identify(encoder) by extension 'ignore'
[3.248s] Level 1:colcon.colcon_core.package_identification:_identify(encoder) by extension 'ignore_ament_install'
[3.249s] Level 1:colcon.colcon_core.package_identification:_identify(encoder) by extensions ['colcon_pkg']
[3.249s] Level 1:colcon.colcon_core.package_identification:_identify(encoder) by extension 'colcon_pkg'
[3.250s] Level 1:colcon.colcon_core.package_identification:_identify(encoder) by extensions ['colcon_meta']
[3.250s] Level 1:colcon.colcon_core.package_identification:_identify(encoder) by extension 'colcon_meta'
[3.251s] Level 1:colcon.colcon_core.package_identification:_identify(encoder) by extensions ['ros']
[3.251s] Level 1:colcon.colcon_core.package_identification:_identify(encoder) by extension 'ros'
[3.252s] Level 1:colcon.colcon_core.package_identification:_identify(encoder) by extensions ['cmake', 'python']
[3.252s] Level 1:colcon.colcon_core.package_identification:_identify(encoder) by extension 'cmake'
[3.253s] Level 1:colcon.colcon_core.package_identification:_identify(encoder) by extension 'python'
[3.253s] Level 1:colcon.colcon_core.package_identification:_identify(encoder) by extensions ['python_setup_py']
[3.253s] Level 1:colcon.colcon_core.package_identification:_identify(encoder) by extension 'python_setup_py'
[3.254s] Level 1:colcon.colcon_core.package_identification:_identify(install) by extensions ['ignore', 'ignore_ament_install']
[3.255s] Level 1:colcon.colcon_core.package_identification:_identify(install) by extension 'ignore'
[3.256s] Level 1:colcon.colcon_core.package_identification:_identify(install) ignored
[3.256s] Level 1:colcon.colcon_core.package_identification:_identify(localize) by extensions ['ignore', 'ignore_ament_install']
[3.257s] Level 1:colcon.colcon_core.package_identification:_identify(localize) by extension 'ignore'
[3.258s] Level 1:colcon.colcon_core.package_identification:_identify(localize) by extension 'ignore_ament_install'
[3.258s] Level 1:colcon.colcon_core.package_identification:_identify(localize) by extensions ['colcon_pkg']
[3.259s] Level 1:colcon.colcon_core.package_identification:_identify(localize) by extension 'colcon_pkg'
[3.259s] Level 1:colcon.colcon_core.package_identification:_identify(localize) by extensions ['colcon_meta']
[3.259s] Level 1:colcon.colcon_core.package_identification:_identify(localize) by extension 'colcon_meta'
[3.260s] Level 1:colcon.colcon_core.package_identification:_identify(localize) by extensions ['ros']
[3.260s] Level 1:colcon.colcon_core.package_identification:_identify(localize) by extension 'ros'
[3.261s] Level 1:colcon.colcon_core.package_identification:_identify(localize) by extensions ['cmake', 'python']
[3.261s] Level 1:colcon.colcon_core.package_identification:_identify(localize) by extension 'cmake'
[3.262s] Level 1:colcon.colcon_core.package_identification:_identify(localize) by extension 'python'
[3.262s] Level 1:colcon.colcon_core.package_identification:_identify(localize) by extensions ['python_setup_py']
[3.263s] Level 1:colcon.colcon_core.package_identification:_identify(localize) by extension 'python_setup_py'
[3.264s] Level 1:colcon.colcon_core.package_identification:_identify(log) by extensions ['ignore', 'ignore_ament_install']
[3.265s] Level 1:colcon.colcon_core.package_identification:_identify(log) by extension 'ignore'
[3.265s] Level 1:colcon.colcon_core.package_identification:_identify(log) ignored
[3.266s] Level 1:colcon.colcon_core.package_identification:_identify(motor_drive) by extensions ['ignore', 'ignore_ament_install']
[3.267s] Level 1:colcon.colcon_core.package_identification:_identify(motor_drive) by extension 'ignore'
[3.267s] Level 1:colcon.colcon_core.package_identification:_identify(motor_drive) by extension 'ignore_ament_install'
[3.268s] Level 1:colcon.colcon_core.package_identification:_identify(motor_drive) by extensions ['colcon_pkg']
[3.268s] Level 1:colcon.colcon_core.package_identification:_identify(motor_drive) by extension 'colcon_pkg'
[3.269s] Level 1:colcon.colcon_core.package_identification:_identify(motor_drive) by extensions ['colcon_meta']
[3.269s] Level 1:colcon.colcon_core.package_identification:_identify(motor_drive) by extension 'colcon_meta'
[3.269s] Level 1:colcon.colcon_core.package_identification:_identify(motor_drive) by extensions ['ros']
[3.270s] Level 1:colcon.colcon_core.package_identification:_identify(motor_drive) by extension 'ros'
[3.271s] Level 1:colcon.colcon_core.package_identification:_identify(motor_drive) by extensions ['cmake', 'python']
[3.271s] Level 1:colcon.colcon_core.package_identification:_identify(motor_drive) by extension 'cmake'
[3.271s] Level 1:colcon.colcon_core.package_identification:_identify(motor_drive) by extension 'python'
[3.272s] Level 1:colcon.colcon_core.package_identification:_identify(motor_drive) by extensions ['python_setup_py']
[3.272s] Level 1:colcon.colcon_core.package_identification:_identify(motor_drive) by extension 'python_setup_py'
[3.273s] Level 1:colcon.colcon_core.package_identification:_identify(obj) by extensions ['ignore', 'ignore_ament_install']
[3.274s] Level 1:colcon.colcon_core.package_identification:_identify(obj) by extension 'ignore'
[3.274s] Level 1:colcon.colcon_core.package_identification:_identify(obj) by extension 'ignore_ament_install'
[3.275s] Level 1:colcon.colcon_core.package_identification:_identify(obj) by extensions ['colcon_pkg']
[3.275s] Level 1:colcon.colcon_core.package_identification:_identify(obj) by extension 'colcon_pkg'
[3.276s] Level 1:colcon.colcon_core.package_identification:_identify(obj) by extensions ['colcon_meta']
[3.276s] Level 1:colcon.colcon_core.package_identification:_identify(obj) by extension 'colcon_meta'
[3.277s] Level 1:colcon.colcon_core.package_identification:_identify(obj) by extensions ['ros']
[3.277s] Level 1:colcon.colcon_core.package_identification:_identify(obj) by extension 'ros'
[3.278s] Level 1:colcon.colcon_core.package_identification:_identify(obj) by extensions ['cmake', 'python']
[3.278s] Level 1:colcon.colcon_core.package_identification:_identify(obj) by extension 'cmake'
[3.279s] Level 1:colcon.colcon_core.package_identification:_identify(obj) by extension 'python'
[3.279s] Level 1:colcon.colcon_core.package_identification:_identify(obj) by extensions ['python_setup_py']
[3.279s] Level 1:colcon.colcon_core.package_identification:_identify(obj) by extension 'python_setup_py'
[3.280s] Level 1:colcon.colcon_core.package_identification:_identify(src) by extensions ['ignore', 'ignore_ament_install']
[3.281s] Level 1:colcon.colcon_core.package_identification:_identify(src) by extension 'ignore'
[3.281s] Level 1:colcon.colcon_core.package_identification:_identify(src) by extension 'ignore_ament_install'
[3.282s] Level 1:colcon.colcon_core.package_identification:_identify(src) by extensions ['colcon_pkg']
[3.282s] Level 1:colcon.colcon_core.package_identification:_identify(src) by extension 'colcon_pkg'
[3.283s] Level 1:colcon.colcon_core.package_identification:_identify(src) by extensions ['colcon_meta']
[3.283s] Level 1:colcon.colcon_core.package_identification:_identify(src) by extension 'colcon_meta'
[3.284s] Level 1:colcon.colcon_core.package_identification:_identify(src) by extensions ['ros']
[3.284s] Level 1:colcon.colcon_core.package_identification:_identify(src) by extension 'ros'
[3.285s] Level 1:colcon.colcon_core.package_identification:_identify(src) by extensions ['cmake', 'python']
[3.285s] Level 1:colcon.colcon_core.package_identification:_identify(src) by extension 'cmake'
[3.286s] Level 1:colcon.colcon_core.package_identification:_identify(src) by extension 'python'
[3.286s] Level 1:colcon.colcon_core.package_identification:_identify(src) by extensions ['python_setup_py']
[3.286s] Level 1:colcon.colcon_core.package_identification:_identify(src) by extension 'python_setup_py'
[3.288s] Level 1:colcon.colcon_core.package_identification:_identify(tcode) by extensions ['ignore', 'ignore_ament_install']
[3.289s] Level 1:colcon.colcon_core.package_identification:_identify(tcode) by extension 'ignore'
[3.289s] Level 1:colcon.colcon_core.package_identification:_identify(tcode) by extension 'ignore_ament_install'
[3.290s] Level 1:colcon.colcon_core.package_identification:_identify(tcode) by extensions ['colcon_pkg']
[3.290s] Level 1:colcon.colcon_core.package_identification:_identify(tcode) by extension 'colcon_pkg'
[3.291s] Level 1:colcon.colcon_core.package_identification:_identify(tcode) by extensions ['colcon_meta']
[3.291s] Level 1:colcon.colcon_core.package_identification:_identify(tcode) by extension 'colcon_meta'
[3.291s] Level 1:colcon.colcon_core.package_identification:_identify(tcode) by extensions ['ros']
[3.292s] Level 1:colcon.colcon_core.package_identification:_identify(tcode) by extension 'ros'
[3.292s] Level 1:colcon.colcon_core.package_identification:_identify(tcode) by extensions ['cmake', 'python']
[3.293s] Level 1:colcon.colcon_core.package_identification:_identify(tcode) by extension 'cmake'
[3.293s] Level 1:colcon.colcon_core.package_identification:_identify(tcode) by extension 'python'
[3.294s] Level 1:colcon.colcon_core.package_identification:_identify(tcode) by extensions ['python_setup_py']
[3.294s] Level 1:colcon.colcon_core.package_identification:_identify(tcode) by extension 'python_setup_py'
[3.295s] Level 1:colcon.colcon_core.package_discovery:discover_packages(recursive) using defaults
[3.295s] Level 1:colcon.colcon_core.package_discovery:discover_packages(ignore) discover
[3.295s] Level 1:colcon.colcon_core.package_discovery:discover_packages(ignore) using defaults
[3.296s] Level 1:colcon.colcon_core.package_discovery:discover_packages(path) discover
[3.296s] Level 1:colcon.colcon_core.package_discovery:discover_packages(path) using defaults
[3.472s] INFO:colcon.colcon_core.executor:Executing jobs using 'parallel' executor
[3.488s] DEBUG:colcon.colcon_parallel_executor.executor.parallel:run_until_complete
[3.489s] DEBUG:colcon.colcon_parallel_executor.executor.parallel:closing loop
[3.490s] DEBUG:colcon.colcon_parallel_executor.executor.parallel:loop closed
[3.490s] DEBUG:colcon.colcon_parallel_executor.executor.parallel:run_until_complete finished with '0'
[3.491s] DEBUG:colcon.colcon_core.event_reactor:joining thread
[3.542s] INFO:colcon.colcon_core.plugin_system:Skipping extension 'colcon_notification.desktop_notification.notify_send': Could not find 'notify-send'
[3.543s] INFO:colcon.colcon_core.plugin_system:Skipping extension 'colcon_notification.desktop_notification.terminal_notifier': Not used on non-Darwin systems
[3.543s] INFO:colcon.colcon_core.plugin_system:Skipping extension 'colcon_notification.desktop_notification.win32': Not used on non-Windows systems
[3.544s] INFO:colcon.colcon_notification.desktop_notification:Sending desktop notification using 'notify2'
[3.629s] DEBUG:colcon.colcon_notification.desktop_notification.notify2:Failed to initialize notify2: org.freedesktop.DBus.Error.ServiceUnknown: The name org.freedesktop.Notifications was not provided by any .service files
[3.629s] DEBUG:colcon.colcon_core.event_reactor:joined thread
[3.679s] INFO:colcon.colcon_core.plugin_system:Skipping extension 'colcon_core.shell.bat': Not used on non-Windows systems
[3.680s] INFO:colcon.colcon_core.shell:Creating prefix script '/home/ubuntu/V2Victory/install/local_setup.ps1'
[3.692s] INFO:colcon.colcon_core.shell:Creating prefix util module '/home/ubuntu/V2Victory/install/_local_setup_util_ps1.py'
[3.707s] INFO:colcon.colcon_core.shell:Creating prefix chain script '/home/ubuntu/V2Victory/install/setup.ps1'
[3.741s] INFO:colcon.colcon_core.shell:Creating prefix script '/home/ubuntu/V2Victory/install/local_setup.sh'
[3.746s] INFO:colcon.colcon_core.shell:Creating prefix util module '/home/ubuntu/V2Victory/install/_local_setup_util_sh.py'
[3.750s] INFO:colcon.colcon_core.shell:Creating prefix chain script '/home/ubuntu/V2Victory/install/setup.sh'
[3.772s] INFO:colcon.colcon_core.shell:Creating prefix script '/home/ubuntu/V2Victory/install/local_setup.bash'
[3.778s] INFO:colcon.colcon_core.shell:Creating prefix chain script '/home/ubuntu/V2Victory/install/setup.bash'
[3.799s] INFO:colcon.colcon_core.shell:Creating prefix script '/home/ubuntu/V2Victory/install/local_setup.zsh'
[3.805s] INFO:colcon.colcon_core.shell:Creating prefix chain script '/home/ubuntu/V2Victory/install/setup.zsh'
